[INFO ] 2020-05-10 13:20:46.224 [TestNG-tests-1] CucumberRunner - Adding 2 entries
[INFO ] 2020-05-10 13:20:46.506 [TestNG-tests-1] CucumberRunner - Verifying destroy CTA
[INFO ] 2020-05-10 13:20:58.267 [TestNG-tests-1] CucumberRunner - Adding 50 entries
[INFO ] 2020-05-10 13:21:03.218 [TestNG-tests-1] CucumberRunner - verifying 50 entries
[INFO ] 2020-05-10 13:24:56.569 [TestNG-tests-1] CucumberRunner - Adding 10 entries
[INFO ] 2020-05-10 13:24:57.488 [TestNG-tests-1] CucumberRunner - verifying 10 entries
[INFO ] 2020-05-10 13:24:57.527 [TestNG-tests-1] CucumberRunner - clicking Toggle all button
[INFO ] 2020-05-10 13:24:57.600 [TestNG-tests-1] CucumberRunner - verifying all entries toggled
[INFO ] 2020-05-10 13:24:57.733 [TestNG-tests-1] CucumberRunner - verifying 0 entries
[INFO ] 2020-05-10 13:24:57.762 [TestNG-tests-1] CucumberRunner - Clicking on clear completed button
[INFO ] 2020-05-10 13:24:57.830 [TestNG-tests-1] CucumberRunner - verifying entries are hidden
[INFO ] 2020-05-10 13:25:29.739 [TestNG-tests-1] CucumberRunner - Adding 10 entries
[INFO ] 2020-05-10 13:25:30.397 [TestNG-tests-1] CucumberRunner - Navigating to Active
[INFO ] 2020-05-10 13:25:30.496 [TestNG-tests-1] CucumberRunner - verifying entries
[INFO ] 2020-05-10 13:25:30.510 [TestNG-tests-1] CucumberRunner - verifying 10 entries
[INFO ] 2020-05-10 13:25:30.539 [TestNG-tests-1] CucumberRunner - Navigating to Completed
[INFO ] 2020-05-10 13:25:30.638 [TestNG-tests-1] CucumberRunner - verifying 10 entries
[INFO ] 2020-05-10 13:25:30.664 [TestNG-tests-1] CucumberRunner - verifying entries are hidden
[INFO ] 2020-05-10 13:25:42.331 [TestNG-tests-1] CucumberRunner - Adding 10 entries
[INFO ] 2020-05-10 13:25:43.370 [TestNG-tests-1] CucumberRunner - Navigating to Completed
[INFO ] 2020-05-10 13:25:43.481 [TestNG-tests-1] CucumberRunner - verifying entries are hidden
[INFO ] 2020-05-10 13:25:43.665 [TestNG-tests-1] CucumberRunner - verifying 10 entries
[INFO ] 2020-05-10 13:25:43.688 [TestNG-tests-1] CucumberRunner - Navigating to Active
[INFO ] 2020-05-10 13:25:43.782 [TestNG-tests-1] CucumberRunner - verifying 10 entries
[INFO ] 2020-05-10 13:25:43.808 [TestNG-tests-1] CucumberRunner - verifying entries
[INFO ] 2020-05-10 13:25:55.311 [TestNG-tests-1] CucumberRunner - Adding 50 entries
[INFO ] 2020-05-10 13:26:01.168 [TestNG-tests-1] CucumberRunner - Striking prime elements from list
[INFO ] 2020-05-10 13:26:02.070 [TestNG-tests-1] CucumberRunner - verifying prime entries are striked out
[INFO ] 2020-05-10 13:26:13.926 [TestNG-tests-1] CucumberRunner - Adding 1 entries
[INFO ] 2020-05-10 13:26:26.332 [TestNG-tests-1] CucumberRunner - Adding 2 entries
[INFO ] 2020-05-10 13:26:26.572 [TestNG-tests-1] CucumberRunner - Verifying destroy CTA
[INFO ] 2020-05-10 13:26:38.172 [TestNG-tests-1] CucumberRunner - Adding 50 entries
[INFO ] 2020-05-10 13:26:43.930 [TestNG-tests-1] CucumberRunner - verifying 50 entries
[INFO ] 2020-05-10 13:26:55.478 [TestNG-tests-1] CucumberRunner - entering text
[INFO ] 2020-05-10 13:27:07.278 [TestNG-tests-1] CucumberRunner - Entering text for 50 seconds
[INFO ] 2020-05-10 13:28:08.998 [TestNG-tests-1] CucumberRunner - clicking on link : TodoMVC
[INFO ] 2020-05-10 13:28:11.379 [TestNG-tests-1] CucumberRunner - verifying page TodoMVC
[INFO ] 2020-05-10 13:28:11.401 [TestNG-tests-1] CucumberRunner - Navigating to Back
[INFO ] 2020-05-10 13:28:11.516 [TestNG-tests-1] CucumberRunner - clicking on link : let us know
[INFO ] 2020-05-10 13:28:12.699 [TestNG-tests-1] CucumberRunner - verifying page Issues
[INFO ] 2020-05-10 13:28:12.702 [TestNG-tests-1] CucumberRunner - Navigating to Back
[INFO ] 2020-05-10 13:28:12.972 [TestNG-tests-1] CucumberRunner - opening link in new tab
[INFO ] 2020-05-10 13:28:15.250 [TestNG-tests-1] CucumberRunner - verifying page addyosmani
[INFO ] 2020-05-10 13:28:19.365 [TestNG-tests-1] CucumberRunner - opening link in new window
[INFO ] 2020-05-10 13:28:21.444 [TestNG-tests-1] CucumberRunner - verifying page Backbone.js
[INFO ] 2020-05-10 14:02:23.333 [TestNG-tests-1] CucumberRunner - Adding 10 entries
[INFO ] 2020-05-10 14:02:24.341 [TestNG-tests-1] CucumberRunner - Navigating to Active
[INFO ] 2020-05-10 14:02:24.462 [TestNG-tests-1] CucumberRunner - verifying entries
[INFO ] 2020-05-10 14:02:24.477 [TestNG-tests-1] CucumberRunner - verifying 10 entries
[INFO ] 2020-05-10 14:02:24.517 [TestNG-tests-1] CucumberRunner - Navigating to Completed
[INFO ] 2020-05-10 14:02:24.628 [TestNG-tests-1] CucumberRunner - verifying 10 entries
[INFO ] 2020-05-10 14:02:24.665 [TestNG-tests-1] CucumberRunner - verifying entries are hidden
[INFO ] 2020-05-10 14:02:39.417 [TestNG-tests-1] CucumberRunner - Adding 10 entries
[INFO ] 2020-05-10 14:02:40.468 [TestNG-tests-1] CucumberRunner - Navigating to Completed
[INFO ] 2020-05-10 14:02:40.586 [TestNG-tests-1] CucumberRunner - verifying entries are hidden
[INFO ] 2020-05-10 14:02:40.798 [TestNG-tests-1] CucumberRunner - verifying 10 entries
[INFO ] 2020-05-10 14:02:40.823 [TestNG-tests-1] CucumberRunner - Navigating to Active
[INFO ] 2020-05-10 14:02:40.941 [TestNG-tests-1] CucumberRunner - verifying 10 entries
[INFO ] 2020-05-10 14:02:40.972 [TestNG-tests-1] CucumberRunner - verifying entries
[INFO ] 2020-05-10 14:02:58.735 [TestNG-tests-1] CucumberRunner - Adding 50 entries
[INFO ] 2020-05-10 14:03:05.415 [TestNG-tests-1] CucumberRunner - Striking prime elements from list
[INFO ] 2020-05-10 14:03:06.511 [TestNG-tests-1] CucumberRunner - verifying prime entries are striked out
[INFO ] 2020-05-10 14:03:19.933 [TestNG-tests-1] CucumberRunner - Adding 1 entries
[INFO ] 2020-05-10 14:03:34.060 [TestNG-tests-1] CucumberRunner - Adding 2 entries
[INFO ] 2020-05-10 14:03:34.323 [TestNG-tests-1] CucumberRunner - Verifying destroy CTA
[INFO ] 2020-05-10 14:03:47.463 [TestNG-tests-1] CucumberRunner - Adding 50 entries
[INFO ] 2020-05-10 14:03:53.743 [TestNG-tests-1] CucumberRunner - verifying 50 entries
[INFO ] 2020-05-10 14:04:07.540 [TestNG-tests-1] CucumberRunner - entering text
[INFO ] 2020-05-10 14:04:19.538 [TestNG-tests-1] CucumberRunner - Entering text for 50 seconds
[INFO ] 2020-05-10 14:05:22.122 [TestNG-tests-1] CucumberRunner - clicking on link : TodoMVC
[INFO ] 2020-05-10 14:05:25.521 [TestNG-tests-1] CucumberRunner - verifying page TodoMVC
[INFO ] 2020-05-10 14:05:25.542 [TestNG-tests-1] CucumberRunner - Navigating to Back
[INFO ] 2020-05-10 14:05:25.796 [TestNG-tests-1] CucumberRunner - clicking on link : let us know
[INFO ] 2020-05-10 14:05:28.491 [TestNG-tests-1] CucumberRunner - verifying page Issues
[INFO ] 2020-05-10 14:05:28.495 [TestNG-tests-1] CucumberRunner - Navigating to Back
[INFO ] 2020-05-10 14:05:29.106 [TestNG-tests-1] CucumberRunner - opening link in new tab
[INFO ] 2020-05-10 14:29:38.499 [TestNG-tests-1] CucumberRunner - Adding 10 entries
[INFO ] 2020-05-10 14:29:38.995 [TestNG-tests-1] CucumberRunner - verifying 10 entries
[INFO ] 2020-05-10 14:29:39.026 [TestNG-tests-1] CucumberRunner - clicking Toggle all button
[INFO ] 2020-05-10 14:29:39.073 [TestNG-tests-1] CucumberRunner - verifying all entries toggled
[INFO ] 2020-05-10 14:29:39.189 [TestNG-tests-1] CucumberRunner - verifying 0 entries
[INFO ] 2020-05-10 14:29:39.219 [TestNG-tests-1] CucumberRunner - Clicking on clear completed button
[INFO ] 2020-05-10 14:29:39.287 [TestNG-tests-1] CucumberRunner - verifying entries are hidden
[INFO ] 2020-05-10 14:30:11.288 [TestNG-tests-1] CucumberRunner - Adding 10 entries
[INFO ] 2020-05-10 14:30:11.843 [TestNG-tests-1] CucumberRunner - Navigating to Active
[INFO ] 2020-05-10 14:30:11.939 [TestNG-tests-1] CucumberRunner - verifying entries
[INFO ] 2020-05-10 14:30:11.952 [TestNG-tests-1] CucumberRunner - verifying 10 entries
[INFO ] 2020-05-10 14:30:11.982 [TestNG-tests-1] CucumberRunner - Navigating to Completed
[INFO ] 2020-05-10 14:30:12.067 [TestNG-tests-1] CucumberRunner - verifying 10 entries
[INFO ] 2020-05-10 14:30:12.092 [TestNG-tests-1] CucumberRunner - verifying entries are hidden
[INFO ] 2020-05-10 14:30:23.834 [TestNG-tests-1] CucumberRunner - Adding 10 entries
[INFO ] 2020-05-10 14:30:24.333 [TestNG-tests-1] CucumberRunner - Navigating to Completed
[INFO ] 2020-05-10 14:30:24.423 [TestNG-tests-1] CucumberRunner - verifying entries are hidden
[INFO ] 2020-05-10 14:30:24.599 [TestNG-tests-1] CucumberRunner - verifying 10 entries
[INFO ] 2020-05-10 14:30:24.621 [TestNG-tests-1] CucumberRunner - Navigating to Active
[INFO ] 2020-05-10 14:30:24.712 [TestNG-tests-1] CucumberRunner - verifying 10 entries
[INFO ] 2020-05-10 14:30:24.738 [TestNG-tests-1] CucumberRunner - verifying entries
[INFO ] 2020-05-10 14:30:36.723 [TestNG-tests-1] CucumberRunner - Adding 50 entries
[INFO ] 2020-05-10 14:30:39.908 [TestNG-tests-1] CucumberRunner - Striking prime elements from list
[INFO ] 2020-05-10 14:30:40.783 [TestNG-tests-1] CucumberRunner - verifying prime entries are striked out
[INFO ] 2020-05-10 14:30:52.769 [TestNG-tests-1] CucumberRunner - Adding 1 entries
[INFO ] 2020-05-10 14:31:05.859 [TestNG-tests-1] CucumberRunner - Adding 2 entries
[INFO ] 2020-05-10 14:31:06.002 [TestNG-tests-1] CucumberRunner - Verifying destroy CTA
[INFO ] 2020-05-10 14:31:17.566 [TestNG-tests-1] CucumberRunner - Adding 50 entries
[INFO ] 2020-05-10 14:31:21.126 [TestNG-tests-1] CucumberRunner - verifying 50 entries
[INFO ] 2020-05-10 14:31:32.872 [TestNG-tests-1] CucumberRunner - entering text
[INFO ] 2020-05-10 14:31:44.992 [TestNG-tests-1] CucumberRunner - Entering text for 50 seconds
[INFO ] 2020-05-10 14:32:46.937 [TestNG-tests-1] CucumberRunner - clicking on link : TodoMVC
[INFO ] 2020-05-10 14:32:50.398 [TestNG-tests-1] CucumberRunner - verifying page TodoMVC
[INFO ] 2020-05-10 14:32:50.417 [TestNG-tests-1] CucumberRunner - Navigating to Back
[INFO ] 2020-05-10 14:32:50.566 [TestNG-tests-1] CucumberRunner - clicking on link : let us know
[INFO ] 2020-05-10 14:32:52.539 [TestNG-tests-1] CucumberRunner - verifying page Issues
[INFO ] 2020-05-10 14:32:52.541 [TestNG-tests-1] CucumberRunner - Navigating to Back
[INFO ] 2020-05-10 14:32:52.785 [TestNG-tests-1] CucumberRunner - opening link in new tab
[INFO ] 2020-05-10 14:32:54.939 [TestNG-tests-1] CucumberRunner - verifying page addyosmani
[INFO ] 2020-05-10 14:32:59.048 [TestNG-tests-1] CucumberRunner - opening link in new window
[INFO ] 2020-05-10 14:33:01.135 [TestNG-tests-1] CucumberRunner - verifying page Backbone.js
[INFO ] 2020-05-10 14:36:37.714 [TestNG-tests-1] CucumberRunner - Adding 10 entries
[INFO ] 2020-05-10 14:36:38.198 [TestNG-tests-1] CucumberRunner - verifying 10 entries
[INFO ] 2020-05-10 14:36:38.230 [TestNG-tests-1] CucumberRunner - clicking Toggle all button
[INFO ] 2020-05-10 14:36:38.301 [TestNG-tests-1] CucumberRunner - verifying all entries toggled
[INFO ] 2020-05-10 14:36:38.407 [TestNG-tests-1] CucumberRunner - verifying 0 entries
[INFO ] 2020-05-10 14:36:38.446 [TestNG-tests-1] CucumberRunner - Clicking on clear completed button
[INFO ] 2020-05-10 14:36:38.503 [TestNG-tests-1] CucumberRunner - verifying entries are hidden
[INFO ] 2020-05-10 14:37:27.945 [TestNG-tests-1] CucumberRunner - Adding 10 entries
[INFO ] 2020-05-10 14:37:28.587 [TestNG-tests-1] CucumberRunner - Navigating to Completed
[INFO ] 2020-05-10 14:37:28.679 [TestNG-tests-1] CucumberRunner - verifying entries are hidden
[INFO ] 2020-05-10 14:37:30.868 [TestNG-tests-1] CucumberRunner - verifying 10 entries
[INFO ] 2020-05-10 14:37:30.898 [TestNG-tests-1] CucumberRunner - Navigating to Active
[INFO ] 2020-05-10 14:37:31.010 [TestNG-tests-1] CucumberRunner - verifying 10 entries
[INFO ] 2020-05-10 14:37:31.034 [TestNG-tests-1] CucumberRunner - verifying entries
[INFO ] 2020-05-10 14:37:57.834 [TestNG-tests-1] CucumberRunner - Adding 1 entries
[INFO ] 2020-05-10 14:38:10.278 [TestNG-tests-1] CucumberRunner - Adding 2 entries
[INFO ] 2020-05-10 14:38:10.484 [TestNG-tests-1] CucumberRunner - Verifying destroy CTA
[INFO ] 2020-05-10 14:38:22.412 [TestNG-tests-1] CucumberRunner - Adding 50 entries
[INFO ] 2020-05-10 14:38:26.026 [TestNG-tests-1] CucumberRunner - verifying 50 entries
[INFO ] 2020-05-10 14:38:39.001 [TestNG-tests-1] CucumberRunner - entering text
[INFO ] 2020-05-10 14:38:51.101 [TestNG-tests-1] CucumberRunner - Entering text for 50 seconds
[INFO ] 2020-05-10 14:39:57.764 [TestNG-tests-1] CucumberRunner - clicking on link : TodoMVC
[INFO ] 2020-05-10 14:40:05.221 [TestNG-tests-1] CucumberRunner - verifying page TodoMVC
[INFO ] 2020-05-10 14:40:05.233 [TestNG-tests-1] CucumberRunner - Navigating to Back
[INFO ] 2020-05-10 14:40:05.353 [TestNG-tests-1] CucumberRunner - clicking on link : let us know
[INFO ] 2020-05-10 14:40:12.215 [TestNG-tests-1] CucumberRunner - verifying page Issues
[INFO ] 2020-05-10 14:40:12.218 [TestNG-tests-1] CucumberRunner - Navigating to Back
[INFO ] 2020-05-10 14:40:12.452 [TestNG-tests-1] CucumberRunner - opening link in new tab
[INFO ] 2020-05-10 14:55:10.023 [TestNG-tests-1] CucumberRunner - Adding 10 entries
[INFO ] 2020-05-10 14:55:10.923 [TestNG-tests-1] CucumberRunner - verifying 10 entries
[INFO ] 2020-05-10 14:55:10.955 [TestNG-tests-1] CucumberRunner - clicking Toggle all button
[INFO ] 2020-05-10 14:55:11.027 [TestNG-tests-1] CucumberRunner - verifying all entries toggled
[INFO ] 2020-05-10 14:55:11.167 [TestNG-tests-1] CucumberRunner - verifying 0 entries
[INFO ] 2020-05-10 14:55:11.198 [TestNG-tests-1] CucumberRunner - verifying entries are hidden
[INFO ] 2020-05-10 14:55:33.291 [TestNG-tests-1] CucumberRunner - Clicking on clear completed button
[INFO ] 2020-05-10 14:55:45.236 [TestNG-tests-1] CucumberRunner - Adding 10 entries
[INFO ] 2020-05-10 14:55:46.327 [TestNG-tests-1] CucumberRunner - Navigating to Active
[INFO ] 2020-05-10 14:55:46.434 [TestNG-tests-1] CucumberRunner - verifying entries
[INFO ] 2020-05-10 14:55:46.449 [TestNG-tests-1] CucumberRunner - verifying 10 entries
[INFO ] 2020-05-10 14:55:46.480 [TestNG-tests-1] CucumberRunner - Navigating to Completed
[INFO ] 2020-05-10 14:55:46.592 [TestNG-tests-1] CucumberRunner - verifying 10 entries
[INFO ] 2020-05-10 14:55:46.615 [TestNG-tests-1] CucumberRunner - verifying entries are hidden
[INFO ] 2020-05-10 14:56:00.492 [TestNG-tests-1] CucumberRunner - Adding 10 entries
[INFO ] 2020-05-10 14:56:01.387 [TestNG-tests-1] CucumberRunner - Navigating to Completed
[INFO ] 2020-05-10 14:56:01.491 [TestNG-tests-1] CucumberRunner - verifying entries are hidden
[INFO ] 2020-05-10 14:56:03.687 [TestNG-tests-1] CucumberRunner - verifying 10 entries
[INFO ] 2020-05-10 14:56:03.710 [TestNG-tests-1] CucumberRunner - Navigating to Active
[INFO ] 2020-05-10 14:56:03.831 [TestNG-tests-1] CucumberRunner - verifying 10 entries
[INFO ] 2020-05-10 14:56:03.859 [TestNG-tests-1] CucumberRunner - verifying entries
[INFO ] 2020-05-10 14:56:16.549 [TestNG-tests-1] CucumberRunner - Adding 50 entries
[INFO ] 2020-05-10 14:56:22.181 [TestNG-tests-1] CucumberRunner - Striking prime elements from list
[INFO ] 2020-05-10 14:56:23.112 [TestNG-tests-1] CucumberRunner - verifying prime entries are striked out
[INFO ] 2020-05-10 14:56:35.283 [TestNG-tests-1] CucumberRunner - Adding 1 entries
[INFO ] 2020-05-10 14:56:47.730 [TestNG-tests-1] CucumberRunner - Adding 2 entries
[INFO ] 2020-05-10 14:56:48.008 [TestNG-tests-1] CucumberRunner - Verifying destroy CTA
[INFO ] 2020-05-10 14:57:02.029 [TestNG-tests-1] CucumberRunner - Adding 50 entries
[INFO ] 2020-05-10 14:57:08.171 [TestNG-tests-1] CucumberRunner - verifying 50 entries
[INFO ] 2020-05-10 14:57:20.151 [TestNG-tests-1] CucumberRunner - entering text
[INFO ] 2020-05-10 14:57:32.150 [TestNG-tests-1] CucumberRunner - Entering text for 50 seconds
[INFO ] 2020-05-10 14:58:35.215 [TestNG-tests-1] CucumberRunner - clicking on link : TodoMVC
[INFO ] 2020-05-10 14:58:40.368 [TestNG-tests-1] CucumberRunner - verifying page TodoMVC
[INFO ] 2020-05-10 14:58:40.389 [TestNG-tests-1] CucumberRunner - Navigating to Back
[INFO ] 2020-05-10 14:58:40.589 [TestNG-tests-1] CucumberRunner - clicking on link : let us know
[INFO ] 2020-05-10 14:58:42.206 [TestNG-tests-1] CucumberRunner - verifying page Issues
[INFO ] 2020-05-10 14:58:42.210 [TestNG-tests-1] CucumberRunner - Navigating to Back
[INFO ] 2020-05-10 14:58:42.538 [TestNG-tests-1] CucumberRunner - opening link in new tab
[INFO ] 2020-05-10 14:58:44.715 [TestNG-tests-1] CucumberRunner - verifying page addyosmani
[INFO ] 2020-05-10 14:58:48.869 [TestNG-tests-1] CucumberRunner - opening link in new window
[INFO ] 2020-05-10 14:58:50.996 [TestNG-tests-1] CucumberRunner - verifying page Backbone.js
[INFO ] 2020-05-10 18:31:38.173 [TestNG-tests-1] CucumberRunner - Adding 10 entries
[INFO ] 2020-05-10 18:31:39.113 [TestNG-tests-1] CucumberRunner - verifying 10 entries
[INFO ] 2020-05-10 18:31:39.149 [TestNG-tests-1] CucumberRunner - clicking Toggle all button
[INFO ] 2020-05-10 18:31:39.214 [TestNG-tests-1] CucumberRunner - verifying all entries toggled
[INFO ] 2020-05-10 18:31:39.344 [TestNG-tests-1] CucumberRunner - verifying 0 entries
[INFO ] 2020-05-10 18:31:39.371 [TestNG-tests-1] CucumberRunner - verifying entries are hidden
[INFO ] 2020-05-10 18:32:01.452 [TestNG-tests-1] CucumberRunner - Clicking on clear completed button
[INFO ] 2020-05-10 18:32:13.038 [TestNG-tests-1] CucumberRunner - Adding 10 entries
[INFO ] 2020-05-10 18:32:13.893 [TestNG-tests-1] CucumberRunner - Navigating to Active
[INFO ] 2020-05-10 18:32:14.024 [TestNG-tests-1] CucumberRunner - verifying entries
[INFO ] 2020-05-10 18:32:14.036 [TestNG-tests-1] CucumberRunner - verifying 10 entries
[INFO ] 2020-05-10 18:32:14.071 [TestNG-tests-1] CucumberRunner - Navigating to Completed
[INFO ] 2020-05-10 18:32:14.168 [TestNG-tests-1] CucumberRunner - verifying 10 entries
[INFO ] 2020-05-10 18:32:14.195 [TestNG-tests-1] CucumberRunner - verifying entries are hidden
[INFO ] 2020-05-10 18:32:27.887 [TestNG-tests-1] CucumberRunner - Adding 10 entries
[INFO ] 2020-05-10 18:32:28.994 [TestNG-tests-1] CucumberRunner - Navigating to Completed
[INFO ] 2020-05-10 18:32:29.101 [TestNG-tests-1] CucumberRunner - verifying entries are hidden
[INFO ] 2020-05-10 18:32:31.295 [TestNG-tests-1] CucumberRunner - verifying 10 entries
[INFO ] 2020-05-10 18:32:31.318 [TestNG-tests-1] CucumberRunner - Navigating to Active
[INFO ] 2020-05-10 18:32:31.418 [TestNG-tests-1] CucumberRunner - verifying 10 entries
[INFO ] 2020-05-10 18:32:31.447 [TestNG-tests-1] CucumberRunner - verifying entries
[INFO ] 2020-05-10 18:32:42.986 [TestNG-tests-1] CucumberRunner - Adding 50 entries
[INFO ] 2020-05-10 18:32:47.838 [TestNG-tests-1] CucumberRunner - Striking prime elements from list
[INFO ] 2020-05-10 18:32:48.746 [TestNG-tests-1] CucumberRunner - verifying prime entries are striked out
[INFO ] 2020-05-10 18:33:00.594 [TestNG-tests-1] CucumberRunner - Adding 1 entries
[INFO ] 2020-05-10 18:33:12.789 [TestNG-tests-1] CucumberRunner - Adding 2 entries
[INFO ] 2020-05-10 18:33:13.010 [TestNG-tests-1] CucumberRunner - Verifying destroy CTA
[INFO ] 2020-05-10 18:33:24.672 [TestNG-tests-1] CucumberRunner - Adding 50 entries
[INFO ] 2020-05-10 18:33:31.118 [TestNG-tests-1] CucumberRunner - verifying 50 entries
[INFO ] 2020-05-10 18:33:42.958 [TestNG-tests-1] CucumberRunner - entering text
[INFO ] 2020-05-10 18:33:54.626 [TestNG-tests-1] CucumberRunner - Entering text for 50 seconds
[INFO ] 2020-05-10 18:34:56.228 [TestNG-tests-1] CucumberRunner - clicking on link : TodoMVC
[INFO ] 2020-05-10 18:34:58.321 [TestNG-tests-1] CucumberRunner - verifying page TodoMVC
[INFO ] 2020-05-10 18:34:58.345 [TestNG-tests-1] CucumberRunner - Navigating to Back
[INFO ] 2020-05-10 18:34:58.459 [TestNG-tests-1] CucumberRunner - clicking on link : let us know
[INFO ] 2020-05-10 18:34:59.896 [TestNG-tests-1] CucumberRunner - verifying page Issues
[INFO ] 2020-05-10 18:34:59.898 [TestNG-tests-1] CucumberRunner - Navigating to Back
[INFO ] 2020-05-10 18:35:00.185 [TestNG-tests-1] CucumberRunner - opening link in new tab
[INFO ] 2020-05-10 19:14:11.272 [TestNG-tests-1] CucumberRunner - Adding 10 entries
[INFO ] 2020-05-10 19:14:13.719 [TestNG-tests-1] CucumberRunner - Navigating to Active
[INFO ] 2020-05-10 19:14:14.000 [TestNG-tests-1] CucumberRunner - verifying entries
[INFO ] 2020-05-10 19:14:14.032 [TestNG-tests-1] CucumberRunner - verifying 10 entries
[INFO ] 2020-05-10 19:14:14.124 [TestNG-tests-1] CucumberRunner - Navigating to Completed
[INFO ] 2020-05-10 19:14:14.375 [TestNG-tests-1] CucumberRunner - verifying 10 entries
[INFO ] 2020-05-10 19:14:27.406 [TestNG-tests-1] CucumberRunner - Adding 10 entries
[INFO ] 2020-05-10 19:14:29.760 [TestNG-tests-1] CucumberRunner - Navigating to Completed
[INFO ] 2020-05-10 19:14:29.989 [TestNG-tests-1] CucumberRunner - verifying entries are hidden
[INFO ] 2020-05-10 19:14:32.312 [TestNG-tests-1] CucumberRunner - verifying 10 entries
[INFO ] 2020-05-10 19:14:32.349 [TestNG-tests-1] CucumberRunner - Navigating to Active
[INFO ] 2020-05-10 19:14:32.535 [TestNG-tests-1] CucumberRunner - verifying 10 entries
[INFO ] 2020-05-10 19:14:32.588 [TestNG-tests-1] CucumberRunner - verifying entries
[INFO ] 2020-05-10 19:14:45.059 [TestNG-tests-1] CucumberRunner - Adding 50 entries
[INFO ] 2020-05-10 19:14:58.439 [TestNG-tests-1] CucumberRunner - Striking prime elements from list
[INFO ] 2020-05-10 19:15:00.120 [TestNG-tests-1] CucumberRunner - verifying prime entries are striked out
[INFO ] 2020-05-10 19:15:13.188 [TestNG-tests-1] CucumberRunner - Adding 1 entries
[INFO ] 2020-05-10 19:15:28.261 [TestNG-tests-1] CucumberRunner - Adding 2 entries
[INFO ] 2020-05-10 19:15:29.016 [TestNG-tests-1] CucumberRunner - Verifying destroy CTA
[INFO ] 2020-05-10 19:15:41.982 [TestNG-tests-1] CucumberRunner - Adding 50 entries
[INFO ] 2020-05-10 19:15:57.211 [TestNG-tests-1] CucumberRunner - verifying 50 entries
[INFO ] 2020-05-10 19:16:09.961 [TestNG-tests-1] CucumberRunner - entering text
[INFO ] 2020-05-10 19:16:22.808 [TestNG-tests-1] CucumberRunner - Entering text for 50 seconds
[INFO ] 2020-05-10 22:07:38.876 [TestNG-tests-1] CucumberRunner - Adding 10 entries
[INFO ] 2020-05-10 22:08:27.266 [TestNG-tests-1] CucumberRunner - Adding 10 entries
[INFO ] 2020-05-10 22:10:07.165 [TestNG-tests-1] CucumberRunner - Adding 10 entries
[INFO ] 2020-05-10 22:12:39.420 [TestNG-tests-1] CucumberRunner - Adding 10 entries
[INFO ] 2020-05-10 22:15:17.149 [TestNG-tests-1] CucumberRunner - Adding 10 entries
[INFO ] 2020-05-10 22:18:08.979 [TestNG-tests-1] CucumberRunner - Adding 10 entries
[INFO ] 2020-05-10 22:22:49.282 [TestNG-tests-1] CucumberRunner - Adding 10 entries
[INFO ] 2020-05-10 22:24:24.143 [TestNG-tests-1] CucumberRunner - Adding 10 entries
[INFO ] 2020-05-10 22:31:53.560 [TestNG-tests-1] CucumberRunner - Adding 10 entries
[INFO ] 2020-05-11 08:44:07.961 [TestNG-tests-1] CucumberRunner - Adding 10 entries
[INFO ] 2020-05-11 08:45:19.994 [TestNG-tests-1] CucumberRunner - Adding 10 entries
[INFO ] 2020-05-11 08:46:57.157 [TestNG-tests-1] CucumberRunner - Adding 10 entries
[INFO ] 2020-05-11 08:50:20.311 [TestNG-tests-1] CucumberRunner - Adding 10 entries
[INFO ] 2020-05-11 08:51:11.192 [TestNG-tests-1] CucumberRunner - Adding 10 entries
[INFO ] 2020-05-11 08:51:57.845 [TestNG-tests-1] CucumberRunner - Adding 10 entries
[INFO ] 2020-05-11 08:53:53.881 [TestNG-tests-1] CucumberRunner - Adding 10 entries
[INFO ] 2020-05-11 08:55:10.402 [TestNG-tests-1] CucumberRunner - Adding 10 entries
[INFO ] 2020-05-11 09:16:09.649 [TestNG-tests-1] CucumberRunner - Adding 10 entries
[INFO ] 2020-05-11 09:18:48.733 [TestNG-tests-1] CucumberRunner - Adding 10 entries
[INFO ] 2020-05-11 09:23:50.826 [TestNG-tests-1] CucumberRunner - Adding 10 entries
[INFO ] 2020-05-11 09:27:44.930 [TestNG-tests-1] CucumberRunner - Adding 10 entries
[INFO ] 2020-05-11 13:16:16.592 [TestNG-tests-1] CucumberRunner - Adding 20 entries
